{
  "stats": {
    "suites": 1,
    "tests": 1,
    "passes": 1,
    "pending": 0,
    "failures": 0,
    "start": "2023-09-17T14:56:41.621Z",
    "end": "2023-09-17T14:57:00.719Z",
    "duration": 19098,
    "testsRegistered": 1,
    "passPercent": 100,
    "pendingPercent": 0,
    "other": 0,
    "hasOther": false,
    "skipped": 0,
    "hasSkipped": false
  },
  "results": [
    {
      "uuid": "037ffa24-2d69-4d82-b098-a40b9af1d2eb",
      "title": "",
      "fullFile": "cypress/e2e/secondTest.spec.ts",
      "file": "cypress/e2e/secondTest.spec.ts",
      "beforeHooks": [],
      "afterHooks": [],
      "tests": [],
      "suites": [
        {
          "uuid": "a6eded24-3581-4c04-893f-959a51b48dbe",
          "title": "Authentication",
          "fullFile": "",
          "file": "",
          "beforeHooks": [],
          "afterHooks": [],
          "tests": [
            {
              "title": "deletes a new article in a global feed",
              "fullTitle": "Authentication deletes a new article in a global feed",
              "timedOut": null,
              "duration": 19059,
              "state": "passed",
              "speed": "slow",
              "pass": true,
              "fail": false,
              "pending": false,
              "context": null,
              "code": "let articleTitle = \"\";\ncy.generateRandomNumber().then((ID) => {\n    articleTitle = `Test article ${ID}`;\n});\n// login\ncy.get(\"@token\")\n    .then((token) => {\n    const requestBody = {\n        article: {\n            tagList: [],\n            title: articleTitle,\n            description: \"It's the first test article\",\n            body: \"What a cool first test\",\n        },\n    };\n    // create article\n    cy.request({\n        url: \"https://conduit.productionready.io/api/articles/\",\n        headers: { Authorization: `Token ${token}` },\n        method: \"POST\",\n        body: requestBody,\n    }).then((response) => {\n        expect(response.status).to.be.greaterThan(199).and.lessThan(300);\n    });\n    return cy.wrap(token);\n})\n    .then((token) => {\n    cy.contains(\"Global Feed\").click();\n    cy.get(\".preview-link\").first().click();\n    cy.get(\".article-actions\").contains(\"Delete Article\").click();\n    return cy.wrap(token);\n})\n    .then((token) => {\n    cy.request({\n        url: \"https://conduit.productionready.io/api/articles?limit=10&offset=0\",\n        headers: { Authorization: `Token ${token}` },\n        method: \"GET\",\n    })\n        .its(\"body\")\n        .then((body) => {\n        const { articles } = body;\n        expect(articles[0].title).not.to.equal(articleTitle);\n    });\n});",
              "err": {},
              "uuid": "b374f5a0-8d72-418b-a0ed-58871cf177bb",
              "parentUUID": "a6eded24-3581-4c04-893f-959a51b48dbe",
              "isHook": false,
              "skipped": false
            }
          ],
          "suites": [],
          "passes": ["b374f5a0-8d72-418b-a0ed-58871cf177bb"],
          "failures": [],
          "pending": [],
          "skipped": [],
          "duration": 19059,
          "root": false,
          "rootEmpty": false,
          "_timeout": 2000
        }
      ],
      "passes": [],
      "failures": [],
      "pending": [],
      "skipped": [],
      "duration": 0,
      "root": true,
      "rootEmpty": true,
      "_timeout": 2000
    }
  ],
  "meta": {
    "mocha": {
      "version": "7.0.1"
    },
    "mochawesome": {
      "options": {
        "quiet": false,
        "reportFilename": "mochawesome",
        "saveHtml": false,
        "saveJson": true,
        "consoleReporter": "spec",
        "useInlineDiffs": false,
        "code": true
      },
      "version": "7.1.3"
    },
    "marge": {
      "options": {
        "id": "default",
        "reportDir": "cypress/results/mochawesome",
        "overwrite": false,
        "html": false,
        "json": true
      },
      "version": "6.2.0"
    }
  }
}
