{
  "stats": {
    "suites": 1,
    "tests": 4,
    "passes": 3,
    "pending": 0,
    "failures": 1,
    "start": "2023-08-24T13:57:15.922Z",
    "end": "2023-08-24T13:57:44.816Z",
    "duration": 28894,
    "testsRegistered": 4,
    "passPercent": 75,
    "pendingPercent": 0,
    "other": 0,
    "hasOther": false,
    "skipped": 0,
    "hasSkipped": false
  },
  "results": [
    {
      "uuid": "fce5e370-dfe9-4c46-89b3-a5994e0c1eb2",
      "title": "",
      "fullFile": "cypress/e2e/firstTest.spec.ts",
      "file": "cypress/e2e/firstTest.spec.ts",
      "beforeHooks": [],
      "afterHooks": [],
      "tests": [],
      "suites": [
        {
          "uuid": "c5f8a8d9-68b7-4808-a10b-4b891d9c3936",
          "title": "Authentication",
          "fullFile": "",
          "file": "",
          "beforeHooks": [],
          "afterHooks": [],
          "tests": [
            {
              "title": "verify correct req and res",
              "fullTitle": "Authentication verify correct req and res",
              "timedOut": null,
              "duration": 13612,
              "state": "passed",
              "speed": "slow",
              "pass": true,
              "fail": false,
              "pending": false,
              "context": null,
              "code": "cy.intercept('POST', 'https://api.realworld.io/api/articles').as('postArticles');\ncy.generateRandomNumber().then((ID) => {\n    cy.contains('New Article').click();\n    cy.get('[formcontrolname=\"title\"]').type(`Aneesa wow ${ID}`);\n    cy.get('[formcontrolname=\"description\"]').type('Description');\n    cy.get('[formcontrolname=\"body\"]').type('Body');\n    cy.contains('Publish Article').click();\n    // delete it\n    cy.url().should('contain', 'Aneesa');\n    cy.contains('button', 'Delete').click();\n});",
              "err": {},
              "uuid": "68b168e4-205e-47f2-abc4-908cf5a09a23",
              "parentUUID": "c5f8a8d9-68b7-4808-a10b-4b891d9c3936",
              "isHook": false,
              "skipped": false
            },
            {
              "title": "intercepts and modifies the req and res",
              "fullTitle": "Authentication intercepts and modifies the req and res",
              "timedOut": null,
              "duration": 1909,
              "state": "passed",
              "speed": "fast",
              "pass": true,
              "fail": false,
              "pending": false,
              "context": null,
              "code": "cy.intercept('POST', '**/articles', (req) => {\n    req.reply(res => {\n        expect(res.body.article.description).to.equal('Description');\n        res.body.description = 'I CHANGED IT AGAIN';\n    });\n}).as('postArticles');\ncy.contains('New Article').click();\ncy.get('[formcontrolname=\"title\"]').type('Aneesa wows22');\ncy.get('[formcontrolname=\"description\"]').type('Description');\ncy.get('[formcontrolname=\"body\"]').type('Body');\ncy.contains('a', 'conduit').click();",
              "err": {},
              "uuid": "964c2c58-0e6f-402f-b262-8345611e1b8c",
              "parentUUID": "c5f8a8d9-68b7-4808-a10b-4b891d9c3936",
              "isHook": false,
              "skipped": false
            },
            {
              "title": "verifies popular tags are displayed",
              "fullTitle": "Authentication verifies popular tags are displayed",
              "timedOut": null,
              "duration": 1496,
              "state": "passed",
              "speed": "fast",
              "pass": true,
              "fail": false,
              "pending": false,
              "context": null,
              "code": "cy.get('.tag-list')\n    .should('contain', 'saa')\n    .and('contain', 'gwamma');",
              "err": {},
              "uuid": "90048c5b-5205-4dec-b134-b9331def4f64",
              "parentUUID": "c5f8a8d9-68b7-4808-a10b-4b891d9c3936",
              "isHook": false,
              "skipped": false
            },
            {
              "title": "verify global feed likes count",
              "fullTitle": "Authentication verify global feed likes count",
              "timedOut": null,
              "duration": 6178,
              "state": "failed",
              "speed": null,
              "pass": false,
              "fail": true,
              "pending": false,
              "context": null,
              "code": "cy.intercept('GET', 'https://api.realworld.io/api/articles/feed*', { articles: [], articlesCount: 0 });\ncy.intercept('GET', 'https://api.realworld.io/api/articles*', { fixture: 'articles.json' });\ncy.contains('Global Feed').click();\ncy.get('app-article-list button').then(heart => {\n    expect(heart).to.contain.text('2202');\n});\ncy.fixture('articles').then(file => {\n    const articleLink = file.articles[0].slug;\n    file.articles[0].favoritesCount = 222000222;\n    cy.intercept('POST', `https://api.realworld.io/api/articles/${articleLink}/favorite`, file);\n});\ncy.get('app-article-list button').click()\n    .should('contain', '2204');",
              "err": {
                "message": "AssertionError: Timed out retrying after 4050ms: expected '<button.btn.btn-sm.btn-primary>' to contain '2204'",
                "estack": "AssertionError: Timed out retrying after 4050ms: expected '<button.btn.btn-sm.btn-primary>' to contain '2204'\n    at Context.eval (webpack://angular-realworld/./cypress/e2e/firstTest.spec.ts:60:13)",
                "diff": null
              },
              "uuid": "8141b84b-fd8b-4070-9153-3b2f87ca8bf2",
              "parentUUID": "c5f8a8d9-68b7-4808-a10b-4b891d9c3936",
              "isHook": false,
              "skipped": false
            }
          ],
          "suites": [],
          "passes": [
            "68b168e4-205e-47f2-abc4-908cf5a09a23",
            "964c2c58-0e6f-402f-b262-8345611e1b8c",
            "90048c5b-5205-4dec-b134-b9331def4f64"
          ],
          "failures": ["8141b84b-fd8b-4070-9153-3b2f87ca8bf2"],
          "pending": [],
          "skipped": [],
          "duration": 23195,
          "root": false,
          "rootEmpty": false,
          "_timeout": 2000
        }
      ],
      "passes": [],
      "failures": [],
      "pending": [],
      "skipped": [],
      "duration": 0,
      "root": true,
      "rootEmpty": true,
      "_timeout": 2000
    }
  ],
  "meta": {
    "mocha": {
      "version": "7.0.1"
    },
    "mochawesome": {
      "options": {
        "quiet": false,
        "reportFilename": "mochawesome",
        "saveHtml": false,
        "saveJson": true,
        "consoleReporter": "spec",
        "useInlineDiffs": false,
        "code": true
      },
      "version": "7.1.3"
    },
    "marge": {
      "options": {
        "id": "default",
        "reportDir": "cypress/results/mochawesome",
        "overwrite": false,
        "html": false,
        "json": true
      },
      "version": "6.2.0"
    }
  }
}
