{
  "stats": {
    "suites": 1,
    "tests": 4,
    "passes": 3,
    "pending": 0,
    "failures": 1,
    "start": "2023-09-17T14:56:14.183Z",
    "end": "2023-09-17T14:56:40.745Z",
    "duration": 26562,
    "testsRegistered": 4,
    "passPercent": 75,
    "pendingPercent": 0,
    "other": 0,
    "hasOther": false,
    "skipped": 0,
    "hasSkipped": false
  },
  "results": [
    {
      "uuid": "77ba2662-076d-4adb-8638-c78492ecbad8",
      "title": "",
      "fullFile": "cypress/e2e/firstTest.spec.ts",
      "file": "cypress/e2e/firstTest.spec.ts",
      "beforeHooks": [],
      "afterHooks": [],
      "tests": [],
      "suites": [
        {
          "uuid": "54802a21-f5a6-4242-a7ca-4d827c6f00a2",
          "title": "Authentication",
          "fullFile": "",
          "file": "",
          "beforeHooks": [],
          "afterHooks": [],
          "tests": [
            {
              "title": "verify correct req and res",
              "fullTitle": "Authentication verify correct req and res",
              "timedOut": null,
              "duration": 7869,
              "state": "passed",
              "speed": "medium",
              "pass": true,
              "fail": false,
              "pending": false,
              "context": null,
              "code": "cy.intercept(\"POST\", \"https://api.realworld.io/api/articles\").as(\"postArticles\");\ncy.generateRandomNumber().then((ID) => {\n    cy.contains(\"New Article\").click();\n    cy.get('[formcontrolname=\"title\"]').type(`Aneesa wow ${ID}`);\n    cy.get('[formcontrolname=\"description\"]').type(\"Description\");\n    cy.get('[formcontrolname=\"body\"]').type(\"Body\");\n    cy.contains(\"Publish Article\").click();\n    // delete it\n    cy.url().should(\"contain\", \"Aneesa\");\n    cy.contains(\"button\", \"Delete\").click();\n});",
              "err": {},
              "uuid": "8d90d0b2-6815-4775-8233-d48ef5c8c3d3",
              "parentUUID": "54802a21-f5a6-4242-a7ca-4d827c6f00a2",
              "isHook": false,
              "skipped": false
            },
            {
              "title": "intercepts and modifies the req and res",
              "fullTitle": "Authentication intercepts and modifies the req and res",
              "timedOut": null,
              "duration": 2210,
              "state": "passed",
              "speed": "fast",
              "pass": true,
              "fail": false,
              "pending": false,
              "context": null,
              "code": "cy.intercept(\"POST\", \"**/articles\", (req) => {\n    req.reply((res) => {\n        expect(res.body.article.description).to.equal(\"Description\");\n        res.body.description = \"I CHANGED IT AGAIN\";\n    });\n}).as(\"postArticles\");\ncy.contains(\"New Article\").click();\ncy.get('[formcontrolname=\"title\"]').type(\"Aneesa wows22\");\ncy.get('[formcontrolname=\"description\"]').type(\"Description\");\ncy.get('[formcontrolname=\"body\"]').type(\"Body\");\ncy.contains(\"a\", \"conduit\").click();",
              "err": {},
              "uuid": "d6a4b543-2922-4cdf-9171-2e226c8d5050",
              "parentUUID": "54802a21-f5a6-4242-a7ca-4d827c6f00a2",
              "isHook": false,
              "skipped": false
            },
            {
              "title": "verifies popular tags are displayed",
              "fullTitle": "Authentication verifies popular tags are displayed",
              "timedOut": null,
              "duration": 3682,
              "state": "passed",
              "speed": "fast",
              "pass": true,
              "fail": false,
              "pending": false,
              "context": null,
              "code": "cy.get(\".tag-list\").should(\"contain\", \"saa\").and(\"contain\", \"gwamma\");",
              "err": {},
              "uuid": "ddc68c6a-d8ea-41c2-b424-68ce520b2b15",
              "parentUUID": "54802a21-f5a6-4242-a7ca-4d827c6f00a2",
              "isHook": false,
              "skipped": false
            },
            {
              "title": "verify global feed likes count",
              "fullTitle": "Authentication verify global feed likes count",
              "timedOut": null,
              "duration": 6332,
              "state": "failed",
              "speed": null,
              "pass": false,
              "fail": true,
              "pending": false,
              "context": null,
              "code": "cy.intercept(\"GET\", \"https://api.realworld.io/api/articles/feed*\", {\n    articles: [],\n    articlesCount: 0,\n});\ncy.intercept(\"GET\", \"https://api.realworld.io/api/articles*\", {\n    fixture: \"articles.json\",\n});\ncy.contains(\"Global Feed\").click();\ncy.get(\"app-article-list button\").then((heart) => {\n    expect(heart).to.contain.text(\"2202\");\n});\ncy.fixture(\"articles\").then((file) => {\n    const articleLink = file.articles[0].slug;\n    file.articles[0].favoritesCount = 222000222;\n    cy.intercept(\"POST\", `https://api.realworld.io/api/articles/${articleLink}/favorite`, file);\n});\ncy.get(\"app-article-list button\").click().should(\"contain\", \"2204\"); // correct: 2203",
              "err": {
                "message": "AssertionError: Timed out retrying after 4050ms: expected '<button.btn.btn-sm.btn-primary>' to contain '2204'",
                "estack": "AssertionError: Timed out retrying after 4050ms: expected '<button.btn.btn-sm.btn-primary>' to contain '2204'\n    at Context.eval (webpack://angular-realworld/./cypress/e2e/firstTest.spec.ts:68:46)",
                "diff": null
              },
              "uuid": "52cbf4a8-9c7b-4ee4-bce8-d60a03c84bf8",
              "parentUUID": "54802a21-f5a6-4242-a7ca-4d827c6f00a2",
              "isHook": false,
              "skipped": false
            }
          ],
          "suites": [],
          "passes": [
            "8d90d0b2-6815-4775-8233-d48ef5c8c3d3",
            "d6a4b543-2922-4cdf-9171-2e226c8d5050",
            "ddc68c6a-d8ea-41c2-b424-68ce520b2b15"
          ],
          "failures": ["52cbf4a8-9c7b-4ee4-bce8-d60a03c84bf8"],
          "pending": [],
          "skipped": [],
          "duration": 20093,
          "root": false,
          "rootEmpty": false,
          "_timeout": 2000
        }
      ],
      "passes": [],
      "failures": [],
      "pending": [],
      "skipped": [],
      "duration": 0,
      "root": true,
      "rootEmpty": true,
      "_timeout": 2000
    }
  ],
  "meta": {
    "mocha": {
      "version": "7.0.1"
    },
    "mochawesome": {
      "options": {
        "quiet": false,
        "reportFilename": "mochawesome",
        "saveHtml": false,
        "saveJson": true,
        "consoleReporter": "spec",
        "useInlineDiffs": false,
        "code": true
      },
      "version": "7.1.3"
    },
    "marge": {
      "options": {
        "id": "default",
        "reportDir": "cypress/results/mochawesome",
        "overwrite": false,
        "html": false,
        "json": true
      },
      "version": "6.2.0"
    }
  }
}
