{
  "stats": {
    "suites": 1,
    "tests": 4,
    "passes": 3,
    "pending": 0,
    "failures": 1,
    "start": "2023-08-24T17:31:19.434Z",
    "end": "2023-08-24T17:31:42.262Z",
    "duration": 22828,
    "testsRegistered": 4,
    "passPercent": 75,
    "pendingPercent": 0,
    "other": 0,
    "hasOther": false,
    "skipped": 0,
    "hasSkipped": false
  },
  "results": [
    {
      "uuid": "7aebf752-b931-4549-97fe-a44af0e58e36",
      "title": "",
      "fullFile": "cypress/e2e/firstTest.spec.ts",
      "file": "cypress/e2e/firstTest.spec.ts",
      "beforeHooks": [],
      "afterHooks": [],
      "tests": [],
      "suites": [
        {
          "uuid": "6592634c-0a16-4995-8096-b7755d8477ec",
          "title": "Authentication",
          "fullFile": "",
          "file": "",
          "beforeHooks": [],
          "afterHooks": [],
          "tests": [
            {
              "title": "verify correct req and res",
              "fullTitle": "Authentication verify correct req and res",
              "timedOut": null,
              "duration": 7433,
              "state": "passed",
              "speed": "medium",
              "pass": true,
              "fail": false,
              "pending": false,
              "context": null,
              "code": "cy.intercept('POST', 'https://api.realworld.io/api/articles').as('postArticles');\ncy.generateRandomNumber().then((ID) => {\n    cy.contains('New Article').click();\n    cy.get('[formcontrolname=\"title\"]').type(`Aneesa wow ${ID}`);\n    cy.get('[formcontrolname=\"description\"]').type('Description');\n    cy.get('[formcontrolname=\"body\"]').type('Body');\n    cy.contains('Publish Article').click();\n    // delete it\n    cy.url().should('contain', 'Aneesa');\n    cy.contains('button', 'Delete').click();\n});",
              "err": {},
              "uuid": "6a6ca96d-f33f-4e4c-9618-815774eac0f6",
              "parentUUID": "6592634c-0a16-4995-8096-b7755d8477ec",
              "isHook": false,
              "skipped": false
            },
            {
              "title": "intercepts and modifies the req and res",
              "fullTitle": "Authentication intercepts and modifies the req and res",
              "timedOut": null,
              "duration": 1825,
              "state": "passed",
              "speed": "fast",
              "pass": true,
              "fail": false,
              "pending": false,
              "context": null,
              "code": "cy.intercept('POST', '**/articles', (req) => {\n    req.reply(res => {\n        expect(res.body.article.description).to.equal('Description');\n        res.body.description = 'I CHANGED IT AGAIN';\n    });\n}).as('postArticles');\ncy.contains('New Article').click();\ncy.get('[formcontrolname=\"title\"]').type('Aneesa wows22');\ncy.get('[formcontrolname=\"description\"]').type('Description');\ncy.get('[formcontrolname=\"body\"]').type('Body');\ncy.contains('a', 'conduit').click();",
              "err": {},
              "uuid": "c70fabff-cf1f-41cd-8b1a-9864198d577a",
              "parentUUID": "6592634c-0a16-4995-8096-b7755d8477ec",
              "isHook": false,
              "skipped": false
            },
            {
              "title": "verifies popular tags are displayed",
              "fullTitle": "Authentication verifies popular tags are displayed",
              "timedOut": null,
              "duration": 1445,
              "state": "passed",
              "speed": "fast",
              "pass": true,
              "fail": false,
              "pending": false,
              "context": null,
              "code": "cy.get('.tag-list')\n    .should('contain', 'saa')\n    .and('contain', 'gwamma');",
              "err": {},
              "uuid": "4680637c-76a8-4610-b96c-d1908a3d2fed",
              "parentUUID": "6592634c-0a16-4995-8096-b7755d8477ec",
              "isHook": false,
              "skipped": false
            },
            {
              "title": "verify global feed likes count",
              "fullTitle": "Authentication verify global feed likes count",
              "timedOut": null,
              "duration": 6179,
              "state": "failed",
              "speed": null,
              "pass": false,
              "fail": true,
              "pending": false,
              "context": null,
              "code": "cy.intercept('GET', 'https://api.realworld.io/api/articles/feed*', { articles: [], articlesCount: 0 });\ncy.intercept('GET', 'https://api.realworld.io/api/articles*', { fixture: 'articles.json' });\ncy.contains('Global Feed').click();\ncy.get('app-article-list button').then(heart => {\n    expect(heart).to.contain.text('2202');\n});\ncy.fixture('articles').then(file => {\n    const articleLink = file.articles[0].slug;\n    file.articles[0].favoritesCount = 222000222;\n    cy.intercept('POST', `https://api.realworld.io/api/articles/${articleLink}/favorite`, file);\n});\ncy.get('app-article-list button').click()\n    .should('contain', '2204'); // correct: 2203",
              "err": {
                "message": "AssertionError: Timed out retrying after 4050ms: expected '<button.btn.btn-sm.btn-primary>' to contain '2204'",
                "estack": "AssertionError: Timed out retrying after 4050ms: expected '<button.btn.btn-sm.btn-primary>' to contain '2204'\n    at Context.eval (webpack://angular-realworld/./cypress/e2e/firstTest.spec.ts:60:13)",
                "diff": null
              },
              "uuid": "86f4874e-ac45-45a1-a78d-bb80044e344b",
              "parentUUID": "6592634c-0a16-4995-8096-b7755d8477ec",
              "isHook": false,
              "skipped": false
            }
          ],
          "suites": [],
          "passes": [
            "6a6ca96d-f33f-4e4c-9618-815774eac0f6",
            "c70fabff-cf1f-41cd-8b1a-9864198d577a",
            "4680637c-76a8-4610-b96c-d1908a3d2fed"
          ],
          "failures": ["86f4874e-ac45-45a1-a78d-bb80044e344b"],
          "pending": [],
          "skipped": [],
          "duration": 16882,
          "root": false,
          "rootEmpty": false,
          "_timeout": 2000
        }
      ],
      "passes": [],
      "failures": [],
      "pending": [],
      "skipped": [],
      "duration": 0,
      "root": true,
      "rootEmpty": true,
      "_timeout": 2000
    }
  ],
  "meta": {
    "mocha": {
      "version": "7.0.1"
    },
    "mochawesome": {
      "options": {
        "quiet": false,
        "reportFilename": "mochawesome",
        "saveHtml": false,
        "saveJson": true,
        "consoleReporter": "spec",
        "useInlineDiffs": false,
        "code": true
      },
      "version": "7.1.3"
    },
    "marge": {
      "options": {
        "id": "default",
        "reportDir": "cypress/results/mochawesome",
        "overwrite": false,
        "html": false,
        "json": true
      },
      "version": "6.2.0"
    }
  }
}
